2022-10-22 11:43:09 [Logs!] error: CastError: Cast to date failed for value "239.90" (type string) at path "shipping_limit_date" for model "Olist_order_items_dataset"
    at model.Query.exec (/Users/macbook/Desktop/test_Assement/node_modules/mongoose/lib/query.js:4498:21)
    at model.Query.Query.then (/Users/macbook/Desktop/test_Assement/node_modules/mongoose/lib/query.js:4592:15)
    at processTicksAndRejections (node:internal/process/task_queues:96:5)

2022-10-22 11:43:14 [Logs!] error: CastError: Cast to date failed for value "239.90" (type string) at path "shipping_limit_date" for model "Olist_order_items_dataset"
    at model.Query.exec (/Users/macbook/Desktop/test_Assement/node_modules/mongoose/lib/query.js:4498:21)
    at model.Query.Query.then (/Users/macbook/Desktop/test_Assement/node_modules/mongoose/lib/query.js:4592:15)
    at processTicksAndRejections (node:internal/process/task_queues:96:5)

2022-10-22 11:49:28 [Logs!] error: ReferenceError: ISODate is not defined
    at _callee$ (/Users/macbook/Desktop/test_Assement/server/controllers/aggregateController.js:28:128)
    at tryCatch (/Users/macbook/Desktop/test_Assement/node_modules/babel-runtime/node_modules/regenerator-runtime/runtime.js:62:40)
    at Generator.invoke [as _invoke] (/Users/macbook/Desktop/test_Assement/node_modules/babel-runtime/node_modules/regenerator-runtime/runtime.js:296:22)
    at Generator.prototype.<computed> [as next] (/Users/macbook/Desktop/test_Assement/node_modules/babel-runtime/node_modules/regenerator-runtime/runtime.js:114:21)
    at step (/Users/macbook/Desktop/test_Assement/node_modules/babel-runtime/helpers/asyncToGenerator.js:17:30)
    at /Users/macbook/Desktop/test_Assement/node_modules/babel-runtime/helpers/asyncToGenerator.js:35:14
    at new Promise (<anonymous>)
    at new F (/Users/macbook/Desktop/test_Assement/node_modules/core-js/library/modules/_export.js:36:28)
    at /Users/macbook/Desktop/test_Assement/node_modules/babel-runtime/helpers/asyncToGenerator.js:14:12
    at orders (/Users/macbook/Desktop/test_Assement/server/controllers/aggregateController.js:100:21)
    at Layer.handle [as handle_request] (/Users/macbook/Desktop/test_Assement/node_modules/express/lib/router/layer.js:95:5)
    at next (/Users/macbook/Desktop/test_Assement/node_modules/express/lib/router/route.js:137:13)
    at Route.dispatch (/Users/macbook/Desktop/test_Assement/node_modules/express/lib/router/route.js:112:3)
    at Layer.handle [as handle_request] (/Users/macbook/Desktop/test_Assement/node_modules/express/lib/router/layer.js:95:5)
    at /Users/macbook/Desktop/test_Assement/node_modules/express/lib/router/index.js:281:22
    at Function.process_params (/Users/macbook/Desktop/test_Assement/node_modules/express/lib/router/index.js:335:12)

2022-10-22 11:51:07 [Logs!] error: CastError: Cast to date failed for value "Invalid Date" (type Date) at path "shipping_limit_date" for model "Olist_order_items_dataset"
    at model.Query.exec (/Users/macbook/Desktop/test_Assement/node_modules/mongoose/lib/query.js:4498:21)
    at model.Query.Query.then (/Users/macbook/Desktop/test_Assement/node_modules/mongoose/lib/query.js:4592:15)
    at processTicksAndRejections (node:internal/process/task_queues:96:5)

2022-10-22 11:52:18 [Logs!] error: MongoError: BSON field 'FindCommandRequest.skip' is the wrong type 'string', expected types '[long, int, decimal, double']
    at MessageStream.messageHandler (/Users/macbook/Desktop/test_Assement/node_modules/mongodb/lib/cmap/connection.js:299:20)
    at MessageStream.emit (node:events:513:28)
    at MessageStream.emit (node:domain:489:12)
    at processIncomingData (/Users/macbook/Desktop/test_Assement/node_modules/mongodb/lib/cmap/message_stream.js:144:12)
    at MessageStream._write (/Users/macbook/Desktop/test_Assement/node_modules/mongodb/lib/cmap/message_stream.js:42:5)
    at writeOrBuffer (node:internal/streams/writable:391:12)
    at _write (node:internal/streams/writable:332:10)
    at MessageStream.Writable.write (node:internal/streams/writable:336:10)
    at TLSSocket.ondata (node:internal/streams/readable:754:22)
    at TLSSocket.emit (node:events:513:28)
    at TLSSocket.emit (node:domain:489:12)
    at addChunk (node:internal/streams/readable:315:12)
    at readableAddChunk (node:internal/streams/readable:289:9)
    at TLSSocket.Readable.push (node:internal/streams/readable:228:10)
    at TLSWrap.onStreamRead (node:internal/stream_base_commons:190:23)

2022-10-22 11:53:18 [Logs!] error: Error: listen EADDRINUSE: address already in use :::3094
    at Server.setupListenHandle [as _listen2] (node:net:1432:16)
    at listenInCluster (node:net:1480:12)
    at Server.listen (node:net:1568:7)
    at Function.listen (/Users/macbook/Desktop/test_Assement/node_modules/express/lib/application.js:618:24)
    at Object.<anonymous> (/Users/macbook/Desktop/test_Assement/app.js:53:5)
    at Module._compile (node:internal/modules/cjs/loader:1126:14)
    at loader (/Users/macbook/Desktop/test_Assement/node_modules/babel-register/lib/node.js:144:5)
    at Object.require.extensions.<computed> [as .js] (/Users/macbook/Desktop/test_Assement/node_modules/babel-register/lib/node.js:154:7)
    at Module.load (node:internal/modules/cjs/loader:1004:32)
    at Function.Module._load (node:internal/modules/cjs/loader:839:12)
    at Function.executeUserEntryPoint [as runMain] (node:internal/modules/run_main:81:12)
    at Object.<anonymous> (/Users/macbook/Desktop/test_Assement/node_modules/babel-cli/lib/_babel-node.js:154:22)
    at Module._compile (node:internal/modules/cjs/loader:1126:14)
    at Object.Module._extensions..js (node:internal/modules/cjs/loader:1180:10)
    at Module.load (node:internal/modules/cjs/loader:1004:32)
    at Function.Module._load (node:internal/modules/cjs/loader:839:12)

2022-10-22 11:53:21 [Logs!] error: Error: listen EADDRINUSE: address already in use :::3094
    at Server.setupListenHandle [as _listen2] (node:net:1432:16)
    at listenInCluster (node:net:1480:12)
    at Server.listen (node:net:1568:7)
    at Function.listen (/Users/macbook/Desktop/test_Assement/node_modules/express/lib/application.js:618:24)
    at Object.<anonymous> (/Users/macbook/Desktop/test_Assement/app.js:53:5)
    at Module._compile (node:internal/modules/cjs/loader:1126:14)
    at loader (/Users/macbook/Desktop/test_Assement/node_modules/babel-register/lib/node.js:144:5)
    at Object.require.extensions.<computed> [as .js] (/Users/macbook/Desktop/test_Assement/node_modules/babel-register/lib/node.js:154:7)
    at Module.load (node:internal/modules/cjs/loader:1004:32)
    at Function.Module._load (node:internal/modules/cjs/loader:839:12)
    at Function.executeUserEntryPoint [as runMain] (node:internal/modules/run_main:81:12)
    at Object.<anonymous> (/Users/macbook/Desktop/test_Assement/node_modules/babel-cli/lib/_babel-node.js:154:22)
    at Module._compile (node:internal/modules/cjs/loader:1126:14)
    at Object.Module._extensions..js (node:internal/modules/cjs/loader:1180:10)
    at Module.load (node:internal/modules/cjs/loader:1004:32)
    at Function.Module._load (node:internal/modules/cjs/loader:839:12)

2022-10-22 11:53:23 [Logs!] error: Error: listen EADDRINUSE: address already in use :::3094
    at Server.setupListenHandle [as _listen2] (node:net:1432:16)
    at listenInCluster (node:net:1480:12)
    at Server.listen (node:net:1568:7)
    at Function.listen (/Users/macbook/Desktop/test_Assement/node_modules/express/lib/application.js:618:24)
    at Object.<anonymous> (/Users/macbook/Desktop/test_Assement/app.js:53:5)
    at Module._compile (node:internal/modules/cjs/loader:1126:14)
    at loader (/Users/macbook/Desktop/test_Assement/node_modules/babel-register/lib/node.js:144:5)
    at Object.require.extensions.<computed> [as .js] (/Users/macbook/Desktop/test_Assement/node_modules/babel-register/lib/node.js:154:7)
    at Module.load (node:internal/modules/cjs/loader:1004:32)
    at Function.Module._load (node:internal/modules/cjs/loader:839:12)
    at Function.executeUserEntryPoint [as runMain] (node:internal/modules/run_main:81:12)
    at Object.<anonymous> (/Users/macbook/Desktop/test_Assement/node_modules/babel-cli/lib/_babel-node.js:154:22)
    at Module._compile (node:internal/modules/cjs/loader:1126:14)
    at Object.Module._extensions..js (node:internal/modules/cjs/loader:1180:10)
    at Module.load (node:internal/modules/cjs/loader:1004:32)
    at Function.Module._load (node:internal/modules/cjs/loader:839:12)

2022-10-22 11:54:12 [Logs!] error: Error: listen EADDRINUSE: address already in use :::3094
    at Server.setupListenHandle [as _listen2] (node:net:1432:16)
    at listenInCluster (node:net:1480:12)
    at Server.listen (node:net:1568:7)
    at Function.listen (/Users/macbook/Desktop/test_Assement/node_modules/express/lib/application.js:618:24)
    at Object.<anonymous> (/Users/macbook/Desktop/test_Assement/app.js:53:5)
    at Module._compile (node:internal/modules/cjs/loader:1126:14)
    at loader (/Users/macbook/Desktop/test_Assement/node_modules/babel-register/lib/node.js:144:5)
    at Object.require.extensions.<computed> [as .js] (/Users/macbook/Desktop/test_Assement/node_modules/babel-register/lib/node.js:154:7)
    at Module.load (node:internal/modules/cjs/loader:1004:32)
    at Function.Module._load (node:internal/modules/cjs/loader:839:12)
    at Function.executeUserEntryPoint [as runMain] (node:internal/modules/run_main:81:12)
    at Object.<anonymous> (/Users/macbook/Desktop/test_Assement/node_modules/babel-cli/lib/_babel-node.js:154:22)
    at Module._compile (node:internal/modules/cjs/loader:1126:14)
    at Object.Module._extensions..js (node:internal/modules/cjs/loader:1180:10)
    at Module.load (node:internal/modules/cjs/loader:1004:32)
    at Function.Module._load (node:internal/modules/cjs/loader:839:12)

2022-10-22 11:54:16 [Logs!] error: Error: listen EADDRINUSE: address already in use :::3094
    at Server.setupListenHandle [as _listen2] (node:net:1432:16)
    at listenInCluster (node:net:1480:12)
    at Server.listen (node:net:1568:7)
    at Function.listen (/Users/macbook/Desktop/test_Assement/node_modules/express/lib/application.js:618:24)
    at Object.<anonymous> (/Users/macbook/Desktop/test_Assement/app.js:53:5)
    at Module._compile (node:internal/modules/cjs/loader:1126:14)
    at loader (/Users/macbook/Desktop/test_Assement/node_modules/babel-register/lib/node.js:144:5)
    at Object.require.extensions.<computed> [as .js] (/Users/macbook/Desktop/test_Assement/node_modules/babel-register/lib/node.js:154:7)
    at Module.load (node:internal/modules/cjs/loader:1004:32)
    at Function.Module._load (node:internal/modules/cjs/loader:839:12)
    at Function.executeUserEntryPoint [as runMain] (node:internal/modules/run_main:81:12)
    at Object.<anonymous> (/Users/macbook/Desktop/test_Assement/node_modules/babel-cli/lib/_babel-node.js:154:22)
    at Module._compile (node:internal/modules/cjs/loader:1126:14)
    at Object.Module._extensions..js (node:internal/modules/cjs/loader:1180:10)
    at Module.load (node:internal/modules/cjs/loader:1004:32)
    at Function.Module._load (node:internal/modules/cjs/loader:839:12)

2022-10-22 11:54:24 [Logs!] error: Error: listen EADDRINUSE: address already in use :::3094
    at Server.setupListenHandle [as _listen2] (node:net:1432:16)
    at listenInCluster (node:net:1480:12)
    at Server.listen (node:net:1568:7)
    at Function.listen (/Users/macbook/Desktop/test_Assement/node_modules/express/lib/application.js:618:24)
    at Object.<anonymous> (/Users/macbook/Desktop/test_Assement/app.js:53:5)
    at Module._compile (node:internal/modules/cjs/loader:1126:14)
    at loader (/Users/macbook/Desktop/test_Assement/node_modules/babel-register/lib/node.js:144:5)
    at Object.require.extensions.<computed> [as .js] (/Users/macbook/Desktop/test_Assement/node_modules/babel-register/lib/node.js:154:7)
    at Module.load (node:internal/modules/cjs/loader:1004:32)
    at Function.Module._load (node:internal/modules/cjs/loader:839:12)
    at Function.executeUserEntryPoint [as runMain] (node:internal/modules/run_main:81:12)
    at Object.<anonymous> (/Users/macbook/Desktop/test_Assement/node_modules/babel-cli/lib/_babel-node.js:154:22)
    at Module._compile (node:internal/modules/cjs/loader:1126:14)
    at Object.Module._extensions..js (node:internal/modules/cjs/loader:1180:10)
    at Module.load (node:internal/modules/cjs/loader:1004:32)
    at Function.Module._load (node:internal/modules/cjs/loader:839:12)

2022-10-22 11:54:31 [Logs!] error: Error: listen EADDRINUSE: address already in use :::3094
    at Server.setupListenHandle [as _listen2] (node:net:1432:16)
    at listenInCluster (node:net:1480:12)
    at Server.listen (node:net:1568:7)
    at Function.listen (/Users/macbook/Desktop/test_Assement/node_modules/express/lib/application.js:618:24)
    at Object.<anonymous> (/Users/macbook/Desktop/test_Assement/app.js:53:5)
    at Module._compile (node:internal/modules/cjs/loader:1126:14)
    at loader (/Users/macbook/Desktop/test_Assement/node_modules/babel-register/lib/node.js:144:5)
    at Object.require.extensions.<computed> [as .js] (/Users/macbook/Desktop/test_Assement/node_modules/babel-register/lib/node.js:154:7)
    at Module.load (node:internal/modules/cjs/loader:1004:32)
    at Function.Module._load (node:internal/modules/cjs/loader:839:12)
    at Function.executeUserEntryPoint [as runMain] (node:internal/modules/run_main:81:12)
    at Object.<anonymous> (/Users/macbook/Desktop/test_Assement/node_modules/babel-cli/lib/_babel-node.js:154:22)
    at Module._compile (node:internal/modules/cjs/loader:1126:14)
    at Object.Module._extensions..js (node:internal/modules/cjs/loader:1180:10)
    at Module.load (node:internal/modules/cjs/loader:1004:32)
    at Function.Module._load (node:internal/modules/cjs/loader:839:12)

2022-10-22 11:54:39 [Logs!] error: Error: listen EADDRINUSE: address already in use :::3094
    at Server.setupListenHandle [as _listen2] (node:net:1432:16)
    at listenInCluster (node:net:1480:12)
    at Server.listen (node:net:1568:7)
    at Function.listen (/Users/macbook/Desktop/test_Assement/node_modules/express/lib/application.js:618:24)
    at Object.<anonymous> (/Users/macbook/Desktop/test_Assement/app.js:53:5)
    at Module._compile (node:internal/modules/cjs/loader:1126:14)
    at loader (/Users/macbook/Desktop/test_Assement/node_modules/babel-register/lib/node.js:144:5)
    at Object.require.extensions.<computed> [as .js] (/Users/macbook/Desktop/test_Assement/node_modules/babel-register/lib/node.js:154:7)
    at Module.load (node:internal/modules/cjs/loader:1004:32)
    at Function.Module._load (node:internal/modules/cjs/loader:839:12)
    at Function.executeUserEntryPoint [as runMain] (node:internal/modules/run_main:81:12)
    at Object.<anonymous> (/Users/macbook/Desktop/test_Assement/node_modules/babel-cli/lib/_babel-node.js:154:22)
    at Module._compile (node:internal/modules/cjs/loader:1126:14)
    at Object.Module._extensions..js (node:internal/modules/cjs/loader:1180:10)
    at Module.load (node:internal/modules/cjs/loader:1004:32)
    at Function.Module._load (node:internal/modules/cjs/loader:839:12)

2022-10-22 11:54:41 [Logs!] error: Error: listen EADDRINUSE: address already in use :::3094
    at Server.setupListenHandle [as _listen2] (node:net:1432:16)
    at listenInCluster (node:net:1480:12)
    at Server.listen (node:net:1568:7)
    at Function.listen (/Users/macbook/Desktop/test_Assement/node_modules/express/lib/application.js:618:24)
    at Object.<anonymous> (/Users/macbook/Desktop/test_Assement/app.js:53:5)
    at Module._compile (node:internal/modules/cjs/loader:1126:14)
    at loader (/Users/macbook/Desktop/test_Assement/node_modules/babel-register/lib/node.js:144:5)
    at Object.require.extensions.<computed> [as .js] (/Users/macbook/Desktop/test_Assement/node_modules/babel-register/lib/node.js:154:7)
    at Module.load (node:internal/modules/cjs/loader:1004:32)
    at Function.Module._load (node:internal/modules/cjs/loader:839:12)
    at Function.executeUserEntryPoint [as runMain] (node:internal/modules/run_main:81:12)
    at Object.<anonymous> (/Users/macbook/Desktop/test_Assement/node_modules/babel-cli/lib/_babel-node.js:154:22)
    at Module._compile (node:internal/modules/cjs/loader:1126:14)
    at Object.Module._extensions..js (node:internal/modules/cjs/loader:1180:10)
    at Module.load (node:internal/modules/cjs/loader:1004:32)
    at Function.Module._load (node:internal/modules/cjs/loader:839:12)

2022-10-22 11:54:47 [Logs!] error: Error: listen EADDRINUSE: address already in use :::3094
    at Server.setupListenHandle [as _listen2] (node:net:1432:16)
    at listenInCluster (node:net:1480:12)
    at Server.listen (node:net:1568:7)
    at Function.listen (/Users/macbook/Desktop/test_Assement/node_modules/express/lib/application.js:618:24)
    at Object.<anonymous> (/Users/macbook/Desktop/test_Assement/app.js:53:5)
    at Module._compile (node:internal/modules/cjs/loader:1126:14)
    at loader (/Users/macbook/Desktop/test_Assement/node_modules/babel-register/lib/node.js:144:5)
    at Object.require.extensions.<computed> [as .js] (/Users/macbook/Desktop/test_Assement/node_modules/babel-register/lib/node.js:154:7)
    at Module.load (node:internal/modules/cjs/loader:1004:32)
    at Function.Module._load (node:internal/modules/cjs/loader:839:12)
    at Function.executeUserEntryPoint [as runMain] (node:internal/modules/run_main:81:12)
    at Object.<anonymous> (/Users/macbook/Desktop/test_Assement/node_modules/babel-cli/lib/_babel-node.js:154:22)
    at Module._compile (node:internal/modules/cjs/loader:1126:14)
    at Object.Module._extensions..js (node:internal/modules/cjs/loader:1180:10)
    at Module.load (node:internal/modules/cjs/loader:1004:32)
    at Function.Module._load (node:internal/modules/cjs/loader:839:12)

2022-10-22 11:55:06 [Logs!] error: MongoError: BSON field 'FindCommandRequest.skip' is the wrong type 'string', expected types '[long, int, decimal, double']
    at MessageStream.messageHandler (/Users/macbook/Desktop/test_Assement/node_modules/mongodb/lib/cmap/connection.js:299:20)
    at MessageStream.emit (node:events:513:28)
    at MessageStream.emit (node:domain:489:12)
    at processIncomingData (/Users/macbook/Desktop/test_Assement/node_modules/mongodb/lib/cmap/message_stream.js:144:12)
    at MessageStream._write (/Users/macbook/Desktop/test_Assement/node_modules/mongodb/lib/cmap/message_stream.js:42:5)
    at writeOrBuffer (node:internal/streams/writable:391:12)
    at _write (node:internal/streams/writable:332:10)
    at MessageStream.Writable.write (node:internal/streams/writable:336:10)
    at TLSSocket.ondata (node:internal/streams/readable:754:22)
    at TLSSocket.emit (node:events:513:28)
    at TLSSocket.emit (node:domain:489:12)
    at addChunk (node:internal/streams/readable:315:12)
    at readableAddChunk (node:internal/streams/readable:289:9)
    at TLSSocket.Readable.push (node:internal/streams/readable:228:10)
    at TLSWrap.onStreamRead (node:internal/stream_base_commons:190:23)

2022-10-22 11:55:45 [Logs!] error: MongoError: BSON field 'FindCommandRequest.skip' is the wrong type 'string', expected types '[long, int, decimal, double']
    at MessageStream.messageHandler (/Users/macbook/Desktop/test_Assement/node_modules/mongodb/lib/cmap/connection.js:299:20)
    at MessageStream.emit (node:events:513:28)
    at MessageStream.emit (node:domain:489:12)
    at processIncomingData (/Users/macbook/Desktop/test_Assement/node_modules/mongodb/lib/cmap/message_stream.js:144:12)
    at MessageStream._write (/Users/macbook/Desktop/test_Assement/node_modules/mongodb/lib/cmap/message_stream.js:42:5)
    at writeOrBuffer (node:internal/streams/writable:391:12)
    at _write (node:internal/streams/writable:332:10)
    at MessageStream.Writable.write (node:internal/streams/writable:336:10)
    at TLSSocket.ondata (node:internal/streams/readable:754:22)
    at TLSSocket.emit (node:events:513:28)
    at TLSSocket.emit (node:domain:489:12)
    at addChunk (node:internal/streams/readable:315:12)
    at readableAddChunk (node:internal/streams/readable:289:9)
    at TLSSocket.Readable.push (node:internal/streams/readable:228:10)
    at TLSWrap.onStreamRead (node:internal/stream_base_commons:190:23)

2022-10-22 11:57:29 [Logs!] error: MongoError: BSON field 'FindCommandRequest.skip' is the wrong type 'string', expected types '[long, int, decimal, double']
    at MessageStream.messageHandler (/Users/macbook/Desktop/test_Assement/node_modules/mongodb/lib/cmap/connection.js:299:20)
    at MessageStream.emit (node:events:513:28)
    at MessageStream.emit (node:domain:489:12)
    at processIncomingData (/Users/macbook/Desktop/test_Assement/node_modules/mongodb/lib/cmap/message_stream.js:144:12)
    at MessageStream._write (/Users/macbook/Desktop/test_Assement/node_modules/mongodb/lib/cmap/message_stream.js:42:5)
    at writeOrBuffer (node:internal/streams/writable:391:12)
    at _write (node:internal/streams/writable:332:10)
    at MessageStream.Writable.write (node:internal/streams/writable:336:10)
    at TLSSocket.ondata (node:internal/streams/readable:754:22)
    at TLSSocket.emit (node:events:513:28)
    at TLSSocket.emit (node:domain:489:12)
    at addChunk (node:internal/streams/readable:315:12)
    at readableAddChunk (node:internal/streams/readable:289:9)
    at TLSSocket.Readable.push (node:internal/streams/readable:228:10)
    at TLSWrap.onStreamRead (node:internal/stream_base_commons:190:23)

2022-10-22 12:02:26 [Logs!] error: Error: listen EADDRINUSE: address already in use :::3094
    at Server.setupListenHandle [as _listen2] (node:net:1432:16)
    at listenInCluster (node:net:1480:12)
    at Server.listen (node:net:1568:7)
    at Function.listen (/Users/macbook/Desktop/test_Assement/node_modules/express/lib/application.js:618:24)
    at Object.<anonymous> (/Users/macbook/Desktop/test_Assement/app.js:53:5)
    at Module._compile (node:internal/modules/cjs/loader:1126:14)
    at loader (/Users/macbook/Desktop/test_Assement/node_modules/babel-register/lib/node.js:144:5)
    at Object.require.extensions.<computed> [as .js] (/Users/macbook/Desktop/test_Assement/node_modules/babel-register/lib/node.js:154:7)
    at Module.load (node:internal/modules/cjs/loader:1004:32)
    at Function.Module._load (node:internal/modules/cjs/loader:839:12)
    at Function.executeUserEntryPoint [as runMain] (node:internal/modules/run_main:81:12)
    at Object.<anonymous> (/Users/macbook/Desktop/test_Assement/node_modules/babel-cli/lib/_babel-node.js:154:22)
    at Module._compile (node:internal/modules/cjs/loader:1126:14)
    at Object.Module._extensions..js (node:internal/modules/cjs/loader:1180:10)
    at Module.load (node:internal/modules/cjs/loader:1004:32)
    at Function.Module._load (node:internal/modules/cjs/loader:839:12)

2022-10-22 12:03:55 [Logs!] error: MongoError: BSON field 'FindCommandRequest.skip' is the wrong type 'string', expected types '[long, int, decimal, double']
    at MessageStream.messageHandler (/Users/macbook/Desktop/test_Assement/node_modules/mongodb/lib/cmap/connection.js:299:20)
    at MessageStream.emit (node:events:513:28)
    at MessageStream.emit (node:domain:489:12)
    at processIncomingData (/Users/macbook/Desktop/test_Assement/node_modules/mongodb/lib/cmap/message_stream.js:144:12)
    at MessageStream._write (/Users/macbook/Desktop/test_Assement/node_modules/mongodb/lib/cmap/message_stream.js:42:5)
    at writeOrBuffer (node:internal/streams/writable:391:12)
    at _write (node:internal/streams/writable:332:10)
    at MessageStream.Writable.write (node:internal/streams/writable:336:10)
    at TLSSocket.ondata (node:internal/streams/readable:754:22)
    at TLSSocket.emit (node:events:513:28)
    at TLSSocket.emit (node:domain:489:12)
    at addChunk (node:internal/streams/readable:315:12)
    at readableAddChunk (node:internal/streams/readable:289:9)
    at TLSSocket.Readable.push (node:internal/streams/readable:228:10)
    at TLSWrap.onStreamRead (node:internal/stream_base_commons:190:23)

2022-10-22 12:04:27 [Logs!] error: MongoError: BSON field 'FindCommandRequest.limit' is the wrong type 'string', expected types '[long, int, decimal, double']
    at MessageStream.messageHandler (/Users/macbook/Desktop/test_Assement/node_modules/mongodb/lib/cmap/connection.js:299:20)
    at MessageStream.emit (node:events:513:28)
    at MessageStream.emit (node:domain:489:12)
    at processIncomingData (/Users/macbook/Desktop/test_Assement/node_modules/mongodb/lib/cmap/message_stream.js:144:12)
    at MessageStream._write (/Users/macbook/Desktop/test_Assement/node_modules/mongodb/lib/cmap/message_stream.js:42:5)
    at writeOrBuffer (node:internal/streams/writable:391:12)
    at _write (node:internal/streams/writable:332:10)
    at MessageStream.Writable.write (node:internal/streams/writable:336:10)
    at TLSSocket.ondata (node:internal/streams/readable:754:22)
    at TLSSocket.emit (node:events:513:28)
    at TLSSocket.emit (node:domain:489:12)
    at addChunk (node:internal/streams/readable:315:12)
    at readableAddChunk (node:internal/streams/readable:289:9)
    at TLSSocket.Readable.push (node:internal/streams/readable:228:10)
    at TLSWrap.onStreamRead (node:internal/stream_base_commons:190:23)

2022-10-22 13:09:16 [Logs!] error: Error: listen EADDRINUSE: address already in use :::3094
    at Server.setupListenHandle [as _listen2] (node:net:1432:16)
    at listenInCluster (node:net:1480:12)
    at Server.listen (node:net:1568:7)
    at Function.listen (/Users/macbook/Desktop/test_Assement/node_modules/express/lib/application.js:618:24)
    at Object.<anonymous> (/Users/macbook/Desktop/test_Assement/app.js:53:5)
    at Module._compile (node:internal/modules/cjs/loader:1126:14)
    at loader (/Users/macbook/Desktop/test_Assement/node_modules/babel-register/lib/node.js:144:5)
    at Object.require.extensions.<computed> [as .js] (/Users/macbook/Desktop/test_Assement/node_modules/babel-register/lib/node.js:154:7)
    at Module.load (node:internal/modules/cjs/loader:1004:32)
    at Function.Module._load (node:internal/modules/cjs/loader:839:12)
    at Function.executeUserEntryPoint [as runMain] (node:internal/modules/run_main:81:12)
    at Object.<anonymous> (/Users/macbook/Desktop/test_Assement/node_modules/babel-cli/lib/_babel-node.js:154:22)
    at Module._compile (node:internal/modules/cjs/loader:1126:14)
    at Object.Module._extensions..js (node:internal/modules/cjs/loader:1180:10)
    at Module.load (node:internal/modules/cjs/loader:1004:32)
    at Function.Module._load (node:internal/modules/cjs/loader:839:12)

2022-10-22 13:09:19 [Logs!] error: Error: listen EADDRINUSE: address already in use :::3094
    at Server.setupListenHandle [as _listen2] (node:net:1432:16)
    at listenInCluster (node:net:1480:12)
    at Server.listen (node:net:1568:7)
    at Function.listen (/Users/macbook/Desktop/test_Assement/node_modules/express/lib/application.js:618:24)
    at Object.<anonymous> (/Users/macbook/Desktop/test_Assement/app.js:53:5)
    at Module._compile (node:internal/modules/cjs/loader:1126:14)
    at loader (/Users/macbook/Desktop/test_Assement/node_modules/babel-register/lib/node.js:144:5)
    at Object.require.extensions.<computed> [as .js] (/Users/macbook/Desktop/test_Assement/node_modules/babel-register/lib/node.js:154:7)
    at Module.load (node:internal/modules/cjs/loader:1004:32)
    at Function.Module._load (node:internal/modules/cjs/loader:839:12)
    at Function.executeUserEntryPoint [as runMain] (node:internal/modules/run_main:81:12)
    at Object.<anonymous> (/Users/macbook/Desktop/test_Assement/node_modules/babel-cli/lib/_babel-node.js:154:22)
    at Module._compile (node:internal/modules/cjs/loader:1126:14)
    at Object.Module._extensions..js (node:internal/modules/cjs/loader:1180:10)
    at Module.load (node:internal/modules/cjs/loader:1004:32)
    at Function.Module._load (node:internal/modules/cjs/loader:839:12)

2022-10-22 13:09:31 [Logs!] error: Error: listen EADDRINUSE: address already in use :::3094
    at Server.setupListenHandle [as _listen2] (node:net:1432:16)
    at listenInCluster (node:net:1480:12)
    at Server.listen (node:net:1568:7)
    at Function.listen (/Users/macbook/Desktop/test_Assement/node_modules/express/lib/application.js:618:24)
    at Object.<anonymous> (/Users/macbook/Desktop/test_Assement/app.js:53:5)
    at Module._compile (node:internal/modules/cjs/loader:1126:14)
    at loader (/Users/macbook/Desktop/test_Assement/node_modules/babel-register/lib/node.js:144:5)
    at Object.require.extensions.<computed> [as .js] (/Users/macbook/Desktop/test_Assement/node_modules/babel-register/lib/node.js:154:7)
    at Module.load (node:internal/modules/cjs/loader:1004:32)
    at Function.Module._load (node:internal/modules/cjs/loader:839:12)
    at Function.executeUserEntryPoint [as runMain] (node:internal/modules/run_main:81:12)
    at Object.<anonymous> (/Users/macbook/Desktop/test_Assement/node_modules/babel-cli/lib/_babel-node.js:154:22)
    at Module._compile (node:internal/modules/cjs/loader:1126:14)
    at Object.Module._extensions..js (node:internal/modules/cjs/loader:1180:10)
    at Module.load (node:internal/modules/cjs/loader:1004:32)
    at Function.Module._load (node:internal/modules/cjs/loader:839:12)

2022-10-22 13:09:33 [Logs!] error: Error: listen EADDRINUSE: address already in use :::3094
    at Server.setupListenHandle [as _listen2] (node:net:1432:16)
    at listenInCluster (node:net:1480:12)
    at Server.listen (node:net:1568:7)
    at Function.listen (/Users/macbook/Desktop/test_Assement/node_modules/express/lib/application.js:618:24)
    at Object.<anonymous> (/Users/macbook/Desktop/test_Assement/app.js:53:5)
    at Module._compile (node:internal/modules/cjs/loader:1126:14)
    at loader (/Users/macbook/Desktop/test_Assement/node_modules/babel-register/lib/node.js:144:5)
    at Object.require.extensions.<computed> [as .js] (/Users/macbook/Desktop/test_Assement/node_modules/babel-register/lib/node.js:154:7)
    at Module.load (node:internal/modules/cjs/loader:1004:32)
    at Function.Module._load (node:internal/modules/cjs/loader:839:12)
    at Function.executeUserEntryPoint [as runMain] (node:internal/modules/run_main:81:12)
    at Object.<anonymous> (/Users/macbook/Desktop/test_Assement/node_modules/babel-cli/lib/_babel-node.js:154:22)
    at Module._compile (node:internal/modules/cjs/loader:1126:14)
    at Object.Module._extensions..js (node:internal/modules/cjs/loader:1180:10)
    at Module.load (node:internal/modules/cjs/loader:1004:32)
    at Function.Module._load (node:internal/modules/cjs/loader:839:12)

2022-10-22 13:16:59 [Logs!] error: ReferenceError: seller_id is not defined
    at _callee3$ (/Users/macbook/Desktop/test_Assement/server/controllers/aggregateController.js:109:11)
    at tryCatch (/Users/macbook/Desktop/test_Assement/node_modules/babel-runtime/node_modules/regenerator-runtime/runtime.js:62:40)
    at Generator.invoke [as _invoke] (/Users/macbook/Desktop/test_Assement/node_modules/babel-runtime/node_modules/regenerator-runtime/runtime.js:296:22)
    at Generator.prototype.<computed> [as next] (/Users/macbook/Desktop/test_Assement/node_modules/babel-runtime/node_modules/regenerator-runtime/runtime.js:114:21)
    at step (/Users/macbook/Desktop/test_Assement/node_modules/babel-runtime/helpers/asyncToGenerator.js:17:30)
    at /Users/macbook/Desktop/test_Assement/node_modules/babel-runtime/helpers/asyncToGenerator.js:28:13
    at processTicksAndRejections (node:internal/process/task_queues:96:5)

2022-10-22 13:42:35 [Logs!] error: Error: listen EADDRINUSE: address already in use :::3094
    at Server.setupListenHandle [as _listen2] (node:net:1432:16)
    at listenInCluster (node:net:1480:12)
    at Server.listen (node:net:1568:7)
    at Function.listen (/Users/macbook/Desktop/test_Assement/node_modules/express/lib/application.js:618:24)
    at Object.<anonymous> (/Users/macbook/Desktop/test_Assement/app.js:53:5)
    at Module._compile (node:internal/modules/cjs/loader:1126:14)
    at loader (/Users/macbook/Desktop/test_Assement/node_modules/babel-register/lib/node.js:144:5)
    at Object.require.extensions.<computed> [as .js] (/Users/macbook/Desktop/test_Assement/node_modules/babel-register/lib/node.js:154:7)
    at Module.load (node:internal/modules/cjs/loader:1004:32)
    at Function.Module._load (node:internal/modules/cjs/loader:839:12)
    at Function.executeUserEntryPoint [as runMain] (node:internal/modules/run_main:81:12)
    at Object.<anonymous> (/Users/macbook/Desktop/test_Assement/node_modules/babel-cli/lib/_babel-node.js:154:22)
    at Module._compile (node:internal/modules/cjs/loader:1126:14)
    at Object.Module._extensions..js (node:internal/modules/cjs/loader:1180:10)
    at Module.load (node:internal/modules/cjs/loader:1004:32)
    at Function.Module._load (node:internal/modules/cjs/loader:839:12)

2022-10-22 13:42:39 [Logs!] error: Error: listen EADDRINUSE: address already in use :::3094
    at Server.setupListenHandle [as _listen2] (node:net:1432:16)
    at listenInCluster (node:net:1480:12)
    at Server.listen (node:net:1568:7)
    at Function.listen (/Users/macbook/Desktop/test_Assement/node_modules/express/lib/application.js:618:24)
    at Object.<anonymous> (/Users/macbook/Desktop/test_Assement/app.js:53:5)
    at Module._compile (node:internal/modules/cjs/loader:1126:14)
    at loader (/Users/macbook/Desktop/test_Assement/node_modules/babel-register/lib/node.js:144:5)
    at Object.require.extensions.<computed> [as .js] (/Users/macbook/Desktop/test_Assement/node_modules/babel-register/lib/node.js:154:7)
    at Module.load (node:internal/modules/cjs/loader:1004:32)
    at Function.Module._load (node:internal/modules/cjs/loader:839:12)
    at Function.executeUserEntryPoint [as runMain] (node:internal/modules/run_main:81:12)
    at Object.<anonymous> (/Users/macbook/Desktop/test_Assement/node_modules/babel-cli/lib/_babel-node.js:154:22)
    at Module._compile (node:internal/modules/cjs/loader:1126:14)
    at Object.Module._extensions..js (node:internal/modules/cjs/loader:1180:10)
    at Module.load (node:internal/modules/cjs/loader:1004:32)
    at Function.Module._load (node:internal/modules/cjs/loader:839:12)

2022-10-22 13:42:45 [Logs!] error: Error: listen EADDRINUSE: address already in use :::3094
    at Server.setupListenHandle [as _listen2] (node:net:1432:16)
    at listenInCluster (node:net:1480:12)
    at Server.listen (node:net:1568:7)
    at Function.listen (/Users/macbook/Desktop/test_Assement/node_modules/express/lib/application.js:618:24)
    at Object.<anonymous> (/Users/macbook/Desktop/test_Assement/app.js:53:5)
    at Module._compile (node:internal/modules/cjs/loader:1126:14)
    at loader (/Users/macbook/Desktop/test_Assement/node_modules/babel-register/lib/node.js:144:5)
    at Object.require.extensions.<computed> [as .js] (/Users/macbook/Desktop/test_Assement/node_modules/babel-register/lib/node.js:154:7)
    at Module.load (node:internal/modules/cjs/loader:1004:32)
    at Function.Module._load (node:internal/modules/cjs/loader:839:12)
    at Function.executeUserEntryPoint [as runMain] (node:internal/modules/run_main:81:12)
    at Object.<anonymous> (/Users/macbook/Desktop/test_Assement/node_modules/babel-cli/lib/_babel-node.js:154:22)
    at Module._compile (node:internal/modules/cjs/loader:1126:14)
    at Object.Module._extensions..js (node:internal/modules/cjs/loader:1180:10)
    at Module.load (node:internal/modules/cjs/loader:1004:32)
    at Function.Module._load (node:internal/modules/cjs/loader:839:12)

2022-10-22 14:36:39 [Logs!] error: CastError: Cast to Number failed for value "zbf4e" (type string) at path "freight_value"
    at model.Query.exec (/Users/macbook/Desktop/test_Assement/node_modules/mongoose/lib/query.js:4498:21)
    at model.Query.Query.then (/Users/macbook/Desktop/test_Assement/node_modules/mongoose/lib/query.js:4592:15)
    at processTicksAndRejections (node:internal/process/task_queues:96:5)

2022-10-22 14:36:40 [Logs!] error: CastError: Cast to Number failed for value "zbf4e" (type string) at path "freight_value"
    at model.Query.exec (/Users/macbook/Desktop/test_Assement/node_modules/mongoose/lib/query.js:4498:21)
    at model.Query.Query.then (/Users/macbook/Desktop/test_Assement/node_modules/mongoose/lib/query.js:4592:15)
    at processTicksAndRejections (node:internal/process/task_queues:96:5)

2022-10-22 14:36:40 [Logs!] error: CastError: Cast to Number failed for value "zbf4e" (type string) at path "freight_value"
    at model.Query.exec (/Users/macbook/Desktop/test_Assement/node_modules/mongoose/lib/query.js:4498:21)
    at model.Query.Query.then (/Users/macbook/Desktop/test_Assement/node_modules/mongoose/lib/query.js:4592:15)
    at processTicksAndRejections (node:internal/process/task_queues:96:5)

2022-10-22 14:37:43 [Logs!] error: CastError: Cast to Number failed for value "3487FGE3478TRFGFE7834GFR7348GF78t4378fg3" (type string) at path "order_item_id"
    at model.Query.exec (/Users/macbook/Desktop/test_Assement/node_modules/mongoose/lib/query.js:4498:21)
    at model.Query.Query.then (/Users/macbook/Desktop/test_Assement/node_modules/mongoose/lib/query.js:4592:15)
    at processTicksAndRejections (node:internal/process/task_queues:96:5)

2022-10-22 14:37:44 [Logs!] error: CastError: Cast to Number failed for value "3487FGE3478TRFGFE7834GFR7348GF78t4378fg3" (type string) at path "order_item_id"
    at model.Query.exec (/Users/macbook/Desktop/test_Assement/node_modules/mongoose/lib/query.js:4498:21)
    at model.Query.Query.then (/Users/macbook/Desktop/test_Assement/node_modules/mongoose/lib/query.js:4592:15)
    at processTicksAndRejections (node:internal/process/task_queues:96:5)

2022-10-22 14:37:44 [Logs!] error: CastError: Cast to Number failed for value "3487FGE3478TRFGFE7834GFR7348GF78t4378fg3" (type string) at path "order_item_id"
    at model.Query.exec (/Users/macbook/Desktop/test_Assement/node_modules/mongoose/lib/query.js:4498:21)
    at model.Query.Query.then (/Users/macbook/Desktop/test_Assement/node_modules/mongoose/lib/query.js:4592:15)
    at processTicksAndRejections (node:internal/process/task_queues:96:5)

2022-10-22 15:10:53 [Logs!] error: CastError: Cast to ObjectId failed for value "3442f8959a84dea7ee197c632cb2df15" (type string) at path "_id" for model "Olist_order_items_dataset"
    at model.Query.exec (/Users/macbook/Desktop/test_Assement/node_modules/mongoose/lib/query.js:4498:21)
    at model.Query.Query.then (/Users/macbook/Desktop/test_Assement/node_modules/mongoose/lib/query.js:4592:15)
    at processTicksAndRejections (node:internal/process/task_queues:96:5)

2022-10-22 15:10:53 [Logs!] error: CastError: Cast to ObjectId failed for value "3442f8959a84dea7ee197c632cb2df15" (type string) at path "_id" for model "Olist_order_items_dataset"
    at model.Query.exec (/Users/macbook/Desktop/test_Assement/node_modules/mongoose/lib/query.js:4498:21)
    at model.Query.Query.then (/Users/macbook/Desktop/test_Assement/node_modules/mongoose/lib/query.js:4592:15)
    at processTicksAndRejections (node:internal/process/task_queues:96:5)

2022-10-22 15:10:53 [Logs!] error: CastError: Cast to ObjectId failed for value "3442f8959a84dea7ee197c632cb2df15" (type string) at path "_id" for model "Olist_order_items_dataset"
    at model.Query.exec (/Users/macbook/Desktop/test_Assement/node_modules/mongoose/lib/query.js:4498:21)
    at model.Query.Query.then (/Users/macbook/Desktop/test_Assement/node_modules/mongoose/lib/query.js:4592:15)
    at processTicksAndRejections (node:internal/process/task_queues:96:5)

